<?xml version="1.0" encoding="UTF-8"?>
<!-- Generated by org.testng.reporters.JUnitXMLReporter -->
<testsuite ignored="0" hostname="DESKTOP-5AJG8EB" failures="0" tests="4" name="ResolveAutomationChallenge Tests" time="340.874" errors="0" timestamp="23 Feb 2021 14:05:25 GMT">
  <testcase classname="com.ResolveIDC.TestSuits.ResolveAutomationChallenge" name="test1" time="8.51"/>
  <testcase classname="com.ResolveIDC.TestSuits.ResolveAutomationChallenge" name="test2" time="5.283"/>
  <testcase classname="com.ResolveIDC.TestSuits.ResolveAutomationChallenge" name="test3" time="5.018"/>
  <testcase classname="com.ResolveIDC.TestSuits.ResolveAutomationChallenge" name="test4" time="221.447"/>
</testsuite> <!-- ResolveAutomationChallenge Tests -->
