<?xml version="1.0" encoding="UTF-8"?>
<testng-results ignored="0" total="4" passed="4" failed="0" skipped="0">
  <reporter-output>
  </reporter-output>
  <suite started-at="2021-02-23T13:59:44Z" name="ResolveAutomationChallenge Suite" finished-at="2021-02-23T14:05:24Z" duration-ms="340874">
    <groups>
    </groups>
    <test started-at="2021-02-23T13:59:44Z" name="ResolveAutomationChallenge Tests" finished-at="2021-02-23T14:05:24Z" duration-ms="340874">
      <class name="com.ResolveIDC.TestSuits.ResolveAutomationChallenge">
        <test-method is-config="true" signature="launchApplication()[pri:0, instance:com.ResolveIDC.TestSuits.ResolveAutomationChallenge@396e2f39]" started-at="2021-02-23T19:29:44Z" name="launchApplication" finished-at="2021-02-23T19:30:07Z" duration-ms="23582" status="PASS">
          <reporter-output>
          </reporter-output>
        </test-method> <!-- launchApplication -->
        <test-method signature="test1()[pri:0, instance:com.ResolveIDC.TestSuits.ResolveAutomationChallenge@396e2f39]" started-at="2021-02-23T19:30:07Z" name="test1" finished-at="2021-02-23T19:30:16Z" duration-ms="8510" status="PASS">
          <reporter-output>
          </reporter-output>
        </test-method> <!-- test1 -->
        <test-method is-config="true" signature="closeBrowser()[pri:0, instance:com.ResolveIDC.TestSuits.ResolveAutomationChallenge@396e2f39]" started-at="2021-02-23T19:30:16Z" name="closeBrowser" finished-at="2021-02-23T19:30:27Z" duration-ms="11458" status="PASS">
          <reporter-output>
          </reporter-output>
        </test-method> <!-- closeBrowser -->
        <test-method is-config="true" signature="launchApplication()[pri:0, instance:com.ResolveIDC.TestSuits.ResolveAutomationChallenge@396e2f39]" started-at="2021-02-23T19:30:27Z" name="launchApplication" finished-at="2021-02-23T19:30:37Z" duration-ms="10033" status="PASS">
          <reporter-output>
          </reporter-output>
        </test-method> <!-- launchApplication -->
        <test-method signature="test2()[pri:0, instance:com.ResolveIDC.TestSuits.ResolveAutomationChallenge@396e2f39]" started-at="2021-02-23T19:30:37Z" name="test2" finished-at="2021-02-23T19:30:42Z" duration-ms="5283" status="PASS">
          <reporter-output>
          </reporter-output>
        </test-method> <!-- test2 -->
        <test-method is-config="true" signature="closeBrowser()[pri:0, instance:com.ResolveIDC.TestSuits.ResolveAutomationChallenge@396e2f39]" started-at="2021-02-23T19:30:42Z" name="closeBrowser" finished-at="2021-02-23T19:30:49Z" duration-ms="6022" status="PASS">
          <reporter-output>
          </reporter-output>
        </test-method> <!-- closeBrowser -->
        <test-method is-config="true" signature="launchApplication()[pri:0, instance:com.ResolveIDC.TestSuits.ResolveAutomationChallenge@396e2f39]" started-at="2021-02-23T19:30:49Z" name="launchApplication" finished-at="2021-02-23T19:30:54Z" duration-ms="5360" status="PASS">
          <reporter-output>
          </reporter-output>
        </test-method> <!-- launchApplication -->
        <test-method signature="test3()[pri:0, instance:com.ResolveIDC.TestSuits.ResolveAutomationChallenge@396e2f39]" started-at="2021-02-23T19:30:54Z" name="test3" finished-at="2021-02-23T19:30:59Z" duration-ms="5018" status="PASS">
          <reporter-output>
          </reporter-output>
        </test-method> <!-- test3 -->
        <test-method is-config="true" signature="closeBrowser()[pri:0, instance:com.ResolveIDC.TestSuits.ResolveAutomationChallenge@396e2f39]" started-at="2021-02-23T19:30:59Z" name="closeBrowser" finished-at="2021-02-23T19:31:06Z" duration-ms="7132" status="PASS">
          <reporter-output>
          </reporter-output>
        </test-method> <!-- closeBrowser -->
        <test-method is-config="true" signature="launchApplication()[pri:0, instance:com.ResolveIDC.TestSuits.ResolveAutomationChallenge@396e2f39]" started-at="2021-02-23T19:31:06Z" name="launchApplication" finished-at="2021-02-23T19:31:24Z" duration-ms="18451" status="PASS">
          <reporter-output>
          </reporter-output>
        </test-method> <!-- launchApplication -->
        <test-method signature="test4()[pri:0, instance:com.ResolveIDC.TestSuits.ResolveAutomationChallenge@396e2f39]" started-at="2021-02-23T19:31:24Z" name="test4" finished-at="2021-02-23T19:35:06Z" duration-ms="221447" status="PASS">
          <reporter-output>
          </reporter-output>
        </test-method> <!-- test4 -->
        <test-method is-config="true" signature="closeBrowser()[pri:0, instance:com.ResolveIDC.TestSuits.ResolveAutomationChallenge@396e2f39]" started-at="2021-02-23T19:35:06Z" name="closeBrowser" finished-at="2021-02-23T19:35:24Z" duration-ms="18535" status="PASS">
          <reporter-output>
          </reporter-output>
        </test-method> <!-- closeBrowser -->
      </class> <!-- com.ResolveIDC.TestSuits.ResolveAutomationChallenge -->
    </test> <!-- ResolveAutomationChallenge Tests -->
  </suite> <!-- ResolveAutomationChallenge Suite -->
</testng-results>
